ARM GAS  C:\Users\kd\AppData\Local\Temp\cc5iGqw0.s 			page 1


   1              		.cpu cortex-m3
   2              		.eabi_attribute 20, 1
   3              		.eabi_attribute 21, 1
   4              		.eabi_attribute 23, 3
   5              		.eabi_attribute 24, 1
   6              		.eabi_attribute 25, 1
   7              		.eabi_attribute 26, 1
   8              		.eabi_attribute 30, 6
   9              		.eabi_attribute 34, 1
  10              		.eabi_attribute 18, 4
  11              		.file	"M4_fsm.c"
  12              		.text
  13              	.Ltext0:
  14              		.cfi_sections	.debug_frame
  15              		.section	.text.M4_fsm_run,"ax",%progbits
  16              		.align	1
  17              		.global	M4_fsm_run
  18              		.arch armv7-m
  19              		.syntax unified
  20              		.thumb
  21              		.thumb_func
  22              		.fpu softvfp
  24              	M4_fsm_run:
  25              	.LFB65:
  26              		.file 1 "./Core/Src/M4_fsm.c"
   1:./Core/Src/M4_fsm.c **** /*
   2:./Core/Src/M4_fsm.c ****  * M4_fsm.c
   3:./Core/Src/M4_fsm.c ****  *
   4:./Core/Src/M4_fsm.c ****  *  Created on: Nov 14, 2022
   5:./Core/Src/M4_fsm.c ****  *      Author: admin
   6:./Core/Src/M4_fsm.c ****  */
   7:./Core/Src/M4_fsm.c **** 
   8:./Core/Src/M4_fsm.c **** 
   9:./Core/Src/M4_fsm.c **** #include "M4_fsm.h"
  10:./Core/Src/M4_fsm.c **** 
  11:./Core/Src/M4_fsm.c **** void M4_fsm_run(){
  27              		.loc 1 11 18
  28              		.cfi_startproc
  29              		@ args = 0, pretend = 0, frame = 0
  30              		@ frame_needed = 1, uses_anonymous_args = 0
  31 0000 80B5     		push	{r7, lr}
  32              		.cfi_def_cfa_offset 8
  33              		.cfi_offset 7, -8
  34              		.cfi_offset 14, -4
  35 0002 00AF     		add	r7, sp, #0
  36              		.cfi_def_cfa_register 7
  12:./Core/Src/M4_fsm.c **** 	if(status == M4){
  37              		.loc 1 12 12
  38 0004 1F4B     		ldr	r3, .L8
  39 0006 1B68     		ldr	r3, [r3]
  40              		.loc 1 12 4
  41 0008 282B     		cmp	r3, #40
  42 000a 38D1     		bne	.L7
  13:./Core/Src/M4_fsm.c **** 
  14:./Core/Src/M4_fsm.c **** 		//Blinky RED Led in 2Hz
  15:./Core/Src/M4_fsm.c **** 		if(timer3_flag == 1){
  43              		.loc 1 15 18
ARM GAS  C:\Users\kd\AppData\Local\Temp\cc5iGqw0.s 			page 2


  44 000c 1E4B     		ldr	r3, .L8+4
  45 000e 1B68     		ldr	r3, [r3]
  46              		.loc 1 15 5
  47 0010 012B     		cmp	r3, #1
  48 0012 0AD1     		bne	.L3
  16:./Core/Src/M4_fsm.c **** 			//blinky all GREEN Led
  17:./Core/Src/M4_fsm.c **** 			HAL_GPIO_TogglePin(B1_GPIO_Port, B1_Pin);
  49              		.loc 1 17 4
  50 0014 0821     		movs	r1, #8
  51 0016 1D48     		ldr	r0, .L8+8
  52 0018 FFF7FEFF 		bl	HAL_GPIO_TogglePin
  18:./Core/Src/M4_fsm.c **** 			HAL_GPIO_TogglePin(B2_GPIO_Port, B2_Pin);
  53              		.loc 1 18 4
  54 001c 1021     		movs	r1, #16
  55 001e 1B48     		ldr	r0, .L8+8
  56 0020 FFF7FEFF 		bl	HAL_GPIO_TogglePin
  19:./Core/Src/M4_fsm.c **** 			setTimer3(250);
  57              		.loc 1 19 4
  58 0024 FA20     		movs	r0, #250
  59 0026 FFF7FEFF 		bl	setTimer3
  60              	.L3:
  20:./Core/Src/M4_fsm.c **** 		}
  21:./Core/Src/M4_fsm.c **** 
  22:./Core/Src/M4_fsm.c **** 		//count down the number display on 7-seg LED
  23:./Core/Src/M4_fsm.c **** 		if(timer1_flag == 1){
  61              		.loc 1 23 18
  62 002a 194B     		ldr	r3, .L8+12
  63 002c 1B68     		ldr	r3, [r3]
  64              		.loc 1 23 5
  65 002e 012B     		cmp	r3, #1
  66 0030 08D1     		bne	.L4
  24:./Core/Src/M4_fsm.c **** 			count1--;
  67              		.loc 1 24 10
  68 0032 184B     		ldr	r3, .L8+16
  69 0034 1B68     		ldr	r3, [r3]
  70 0036 013B     		subs	r3, r3, #1
  71 0038 164A     		ldr	r2, .L8+16
  72 003a 1360     		str	r3, [r2]
  25:./Core/Src/M4_fsm.c **** 			setTimer1(1000);
  73              		.loc 1 25 4
  74 003c 4FF47A70 		mov	r0, #1000
  75 0040 FFF7FEFF 		bl	setTimer1
  76              	.L4:
  26:./Core/Src/M4_fsm.c **** 		}
  27:./Core/Src/M4_fsm.c **** 
  28:./Core/Src/M4_fsm.c **** 		//Switch to M1 mode
  29:./Core/Src/M4_fsm.c **** 		if(is_button_pressed(1)||timer2_flag == 1){
  77              		.loc 1 29 6
  78 0044 0120     		movs	r0, #1
  79 0046 FFF7FEFF 		bl	is_button_pressed
  80 004a 0346     		mov	r3, r0
  81              		.loc 1 29 5
  82 004c 002B     		cmp	r3, #0
  83 004e 03D1     		bne	.L5
  84              		.loc 1 29 40 discriminator 1
  85 0050 114B     		ldr	r3, .L8+20
  86 0052 1B68     		ldr	r3, [r3]
ARM GAS  C:\Users\kd\AppData\Local\Temp\cc5iGqw0.s 			page 3


  87              		.loc 1 29 26 discriminator 1
  88 0054 012B     		cmp	r3, #1
  89 0056 10D1     		bne	.L6
  90              	.L5:
  30:./Core/Src/M4_fsm.c **** 			status = M1_RED_GREEN;
  91              		.loc 1 30 11
  92 0058 0A4B     		ldr	r3, .L8
  93 005a 0B22     		movs	r2, #11
  94 005c 1A60     		str	r2, [r3]
  31:./Core/Src/M4_fsm.c **** 			count1 = 25;
  95              		.loc 1 31 11
  96 005e 0D4B     		ldr	r3, .L8+16
  97 0060 1922     		movs	r2, #25
  98 0062 1A60     		str	r2, [r3]
  32:./Core/Src/M4_fsm.c **** 			setTimer1(1000);	//Timer 1 to countdown the number display on 2 Led.
  99              		.loc 1 32 4
 100 0064 4FF47A70 		mov	r0, #1000
 101 0068 FFF7FEFF 		bl	setTimer1
  33:./Core/Src/M4_fsm.c **** 			setTimer2(25000);	//Timer 2 is the quantity of time machine in mode 1
 102              		.loc 1 33 4
 103 006c 46F2A810 		movw	r0, #25000
 104 0070 FFF7FEFF 		bl	setTimer2
  34:./Core/Src/M4_fsm.c **** 			setTimer3(0);
 105              		.loc 1 34 4
 106 0074 0020     		movs	r0, #0
 107 0076 FFF7FEFF 		bl	setTimer3
 108              	.L6:
  35:./Core/Src/M4_fsm.c **** 		}
  36:./Core/Src/M4_fsm.c **** 
  37:./Core/Src/M4_fsm.c **** 		//check whether user increases time or not.
  38:./Core/Src/M4_fsm.c **** 		check_button_add_time();
 109              		.loc 1 38 3
 110 007a FFF7FEFF 		bl	check_button_add_time
 111              	.L7:
  39:./Core/Src/M4_fsm.c **** 
  40:./Core/Src/M4_fsm.c **** 	}
  41:./Core/Src/M4_fsm.c **** }
 112              		.loc 1 41 1
 113 007e 00BF     		nop
 114 0080 80BD     		pop	{r7, pc}
 115              	.L9:
 116 0082 00BF     		.align	2
 117              	.L8:
 118 0084 00000000 		.word	status
 119 0088 00000000 		.word	timer3_flag
 120 008c 000C0140 		.word	1073810432
 121 0090 00000000 		.word	timer1_flag
 122 0094 00000000 		.word	count1
 123 0098 00000000 		.word	timer2_flag
 124              		.cfi_endproc
 125              	.LFE65:
 127              		.text
 128              	.Letext0:
 129              		.file 2 "Core/Inc/software_timer.h"
 130              		.file 3 "c:\\st\\stm32cubeide_1.7.0\\stm32cubeide\\plugins\\com.st.stm32cube.ide.mcu.externaltools
 131              		.file 4 "c:\\st\\stm32cubeide_1.7.0\\stm32cubeide\\plugins\\com.st.stm32cube.ide.mcu.externaltools
 132              		.file 5 "Drivers/CMSIS/Include/core_cm3.h"
ARM GAS  C:\Users\kd\AppData\Local\Temp\cc5iGqw0.s 			page 4


 133              		.file 6 "Drivers/CMSIS/Device/ST/STM32F1xx/Include/system_stm32f1xx.h"
 134              		.file 7 "Drivers/CMSIS/Device/ST/STM32F1xx/Include/stm32f103xb.h"
 135              		.file 8 "Drivers/STM32F1xx_HAL_Driver/Inc/stm32f1xx_hal_def.h"
 136              		.file 9 "Drivers/STM32F1xx_HAL_Driver/Inc/stm32f1xx_hal_dma.h"
 137              		.file 10 "Drivers/STM32F1xx_HAL_Driver/Inc/stm32f1xx_hal_tim.h"
 138              		.file 11 "Drivers/STM32F1xx_HAL_Driver/Inc/stm32f1xx_hal_uart.h"
 139              		.file 12 "Drivers/STM32F1xx_HAL_Driver/Inc/stm32f1xx_hal.h"
 140              		.file 13 "Core/Inc/main.h"
 141              		.file 14 "Core/Inc/global.h"
ARM GAS  C:\Users\kd\AppData\Local\Temp\cc5iGqw0.s 			page 5


DEFINED SYMBOLS
                            *ABS*:0000000000000000 M4_fsm.c
C:\Users\kd\AppData\Local\Temp\cc5iGqw0.s:16     .text.M4_fsm_run:0000000000000000 $t
C:\Users\kd\AppData\Local\Temp\cc5iGqw0.s:24     .text.M4_fsm_run:0000000000000000 M4_fsm_run
C:\Users\kd\AppData\Local\Temp\cc5iGqw0.s:118    .text.M4_fsm_run:0000000000000084 $d
                           .group:0000000000000000 wm4.0.e890922d021f7fff2fbf219cb2b38f03
                           .group:0000000000000000 wm4.stm32f1xx_hal_conf.h.21.98635006afa9a018cfa5e0632ed4968b
                           .group:0000000000000000 wm4.stm32f1xx.h.39.208bb8a61c892b7c37d899c49a031330
                           .group:0000000000000000 wm4.stm32f103xb.h.38.ec967d5ad9d3269cb0788eebda048e38
                           .group:0000000000000000 wm4._newlib_version.h.4.1ef4e12f167f8b69d7c30054be56050d
                           .group:0000000000000000 wm4.features.h.33.318b64d71e0957639cfb30f1db1f7ec8
                           .group:0000000000000000 wm4._default_types.h.15.247e5cd201eca3442cbf5404108c4935
                           .group:0000000000000000 wm4._intsup.h.10.48bafbb683905c4daa4565a85aeeb264
                           .group:0000000000000000 wm4._stdint.h.10.c24fa3af3bc1706662bb5593a907e841
                           .group:0000000000000000 wm4.stdint.h.23.d53047a68f4a85177f80b422d52785ed
                           .group:0000000000000000 wm4.cmsis_version.h.32.4d5822004c01a829a975260e854b5f8e
                           .group:0000000000000000 wm4.core_cm3.h.66.fc46cac19810db8f98d67da7ef88f42c
                           .group:0000000000000000 wm4.cmsis_gcc.h.26.225e4f5469716fdeef823d1102f5b23e
                           .group:0000000000000000 wm4.core_cm3.h.127.f4474120f1a7524deb56f9d74ff175da
                           .group:0000000000000000 wm4.stm32f103xb.h.573.10249aa7473ca93be896fed94046a725
                           .group:0000000000000000 wm4.stm32f1xx.h.162.96b09079a093c34dbd7f0b85cbd0ddee
                           .group:0000000000000000 wm4.stm32_hal_legacy.h.23.91ba5b544a4c2be2620a1e7ff0049e10
                           .group:0000000000000000 wm4.stddef.h.39.144cf5ddcd53cbfdac30259dc1a6c87f
                           .group:0000000000000000 wm4.stm32f1xx_hal_def.h.57.18d01ce1aa74e9fb44dbf16f821a574a
                           .group:0000000000000000 wm4.stm32f1xx_hal_rcc.h.95.21591bbc513aaa813c0b8640c3b32517
                           .group:0000000000000000 wm4.stm32f1xx_hal_rcc_ex.h.22.8763f99bc1e3e2dcf0febe9161d81b37
                           .group:0000000000000000 wm4.stm32f1xx_hal_rcc.h.1202.f8e5f9e0cf4eef7840facf5396029056
                           .group:0000000000000000 wm4.stm32f1xx_hal_gpio.h.22.fa638d688dcc57ca806fe6a7831b0d04
                           .group:0000000000000000 wm4.stm32f1xx_hal_gpio_ex.h.22.51a50ef3512cd78017ce666a32d364bf
                           .group:0000000000000000 wm4.stm32f1xx_hal_gpio.h.263.f5ebf2f545ade59412ab9261c8e35dc4
                           .group:0000000000000000 wm4.stm32f1xx_hal_exti.h.22.e26491d042c8079c3ca67eca341af862
                           .group:0000000000000000 wm4.stm32f1xx_hal_dma.h.22.3c14338534886827bf3aeaa2a7f412a1
                           .group:0000000000000000 wm4.stm32f1xx_hal_dma_ex.h.22.001ac4d7f81ccbdcae49bd65c13858c8
                           .group:0000000000000000 wm4.stm32f1xx_hal_dma.h.409.cafcd2cfe701091535636be537c18293
                           .group:0000000000000000 wm4.stm32f1xx_hal_cortex.h.22.b5f4174bb6a50d95405567b8f50e0900
                           .group:0000000000000000 wm4.stm32f1xx_hal_flash.h.22.5cea9a7210e6315b41724b47b5fdf203
                           .group:0000000000000000 wm4.stm32f1xx_hal_flash_ex.h.22.d4e19c21f2a86fa2f8ec2c2d5f1ab2af
                           .group:0000000000000000 wm4.stm32f1xx_hal_pwr.h.22.3438c476faafc3240bf146f143df3fcd
                           .group:0000000000000000 wm4.stm32f1xx_hal_tim.h.22.a16e206564e97dbace9faae59a0d6008
                           .group:0000000000000000 wm4.stm32f1xx_hal_uart.h.22.5f7992e497faa36aa98f09f7214f4dbb
                           .group:0000000000000000 wm4.stm32f1xx_hal.h.88.91065c0692bed6019c34f1e9c00589fd
                           .group:0000000000000000 wm4.main.h.63.9180ad223388665f039ada817b185350
                           .group:0000000000000000 wm4.global.h.14.30b62f1ac9d7308bb8bf1b062c6776ce

UNDEFINED SYMBOLS
HAL_GPIO_TogglePin
setTimer3
setTimer1
is_button_pressed
setTimer2
check_button_add_time
status
timer3_flag
timer1_flag
count1
timer2_flag
