ARM GAS  C:\Users\kd\AppData\Local\Temp\cchc0Gpc.s 			page 1


   1              		.cpu cortex-m3
   2              		.eabi_attribute 20, 1
   3              		.eabi_attribute 21, 1
   4              		.eabi_attribute 23, 3
   5              		.eabi_attribute 24, 1
   6              		.eabi_attribute 25, 1
   7              		.eabi_attribute 26, 1
   8              		.eabi_attribute 30, 6
   9              		.eabi_attribute 34, 1
  10              		.eabi_attribute 18, 4
  11              		.file	"Pedestrian_Buzzer.c"
  12              		.text
  13              	.Ltext0:
  14              		.cfi_sections	.debug_frame
  15              		.section	.text.resetBuzzer,"ax",%progbits
  16              		.align	1
  17              		.global	resetBuzzer
  18              		.arch armv7-m
  19              		.syntax unified
  20              		.thumb
  21              		.thumb_func
  22              		.fpu softvfp
  24              	resetBuzzer:
  25              	.LFB65:
  26              		.file 1 "./Core/Src/Pedestrian_Buzzer.c"
   1:./Core/Src/Pedestrian_Buzzer.c **** /*
   2:./Core/Src/Pedestrian_Buzzer.c ****  * Pedestrian_Buzzer.c
   3:./Core/Src/Pedestrian_Buzzer.c ****  *
   4:./Core/Src/Pedestrian_Buzzer.c ****  *  Created on: Dec 3, 2022
   5:./Core/Src/Pedestrian_Buzzer.c ****  *      Author: admin
   6:./Core/Src/Pedestrian_Buzzer.c ****  */
   7:./Core/Src/Pedestrian_Buzzer.c **** 
   8:./Core/Src/Pedestrian_Buzzer.c **** 
   9:./Core/Src/Pedestrian_Buzzer.c **** #include "Pedestrian_Buzzer.h"
  10:./Core/Src/Pedestrian_Buzzer.c **** void resetBuzzer(){
  27              		.loc 1 10 19
  28              		.cfi_startproc
  29              		@ args = 0, pretend = 0, frame = 0
  30              		@ frame_needed = 1, uses_anonymous_args = 0
  31              		@ link register save eliminated.
  32 0000 80B4     		push	{r7}
  33              		.cfi_def_cfa_offset 4
  34              		.cfi_offset 7, -4
  35 0002 00AF     		add	r7, sp, #0
  36              		.cfi_def_cfa_register 7
  11:./Core/Src/Pedestrian_Buzzer.c **** 	__HAL_TIM_SetCompare(&htim3,TIM_CHANNEL_1,0);
  37              		.loc 1 11 2
  38 0004 034B     		ldr	r3, .L2
  39 0006 1B68     		ldr	r3, [r3]
  40 0008 0022     		movs	r2, #0
  41 000a 5A63     		str	r2, [r3, #52]
  12:./Core/Src/Pedestrian_Buzzer.c **** }
  42              		.loc 1 12 1
  43 000c 00BF     		nop
  44 000e BD46     		mov	sp, r7
  45              		.cfi_def_cfa_register 13
  46              		@ sp needed
ARM GAS  C:\Users\kd\AppData\Local\Temp\cchc0Gpc.s 			page 2


  47 0010 80BC     		pop	{r7}
  48              		.cfi_restore 7
  49              		.cfi_def_cfa_offset 0
  50 0012 7047     		bx	lr
  51              	.L3:
  52              		.align	2
  53              	.L2:
  54 0014 00000000 		.word	htim3
  55              		.cfi_endproc
  56              	.LFE65:
  58              		.section	.text.setBuzzer,"ax",%progbits
  59              		.align	1
  60              		.global	setBuzzer
  61              		.syntax unified
  62              		.thumb
  63              		.thumb_func
  64              		.fpu softvfp
  66              	setBuzzer:
  67              	.LFB66:
  13:./Core/Src/Pedestrian_Buzzer.c **** 
  14:./Core/Src/Pedestrian_Buzzer.c **** void setBuzzer(int number){
  68              		.loc 1 14 27
  69              		.cfi_startproc
  70              		@ args = 0, pretend = 0, frame = 16
  71              		@ frame_needed = 1, uses_anonymous_args = 0
  72              		@ link register save eliminated.
  73 0000 80B4     		push	{r7}
  74              		.cfi_def_cfa_offset 4
  75              		.cfi_offset 7, -4
  76 0002 85B0     		sub	sp, sp, #20
  77              		.cfi_def_cfa_offset 24
  78 0004 00AF     		add	r7, sp, #0
  79              		.cfi_def_cfa_register 7
  80 0006 7860     		str	r0, [r7, #4]
  15:./Core/Src/Pedestrian_Buzzer.c **** 	int value = 200*(5-number);
  81              		.loc 1 15 20
  82 0008 7B68     		ldr	r3, [r7, #4]
  83 000a C3F10503 		rsb	r3, r3, #5
  84              		.loc 1 15 6
  85 000e C822     		movs	r2, #200
  86 0010 02FB03F3 		mul	r3, r2, r3
  87 0014 FB60     		str	r3, [r7, #12]
  16:./Core/Src/Pedestrian_Buzzer.c **** 	  __HAL_TIM_SetCompare(&htim3,TIM_CHANNEL_1,value);
  88              		.loc 1 16 4
  89 0016 044B     		ldr	r3, .L5
  90 0018 1B68     		ldr	r3, [r3]
  91 001a FA68     		ldr	r2, [r7, #12]
  92 001c 5A63     		str	r2, [r3, #52]
  17:./Core/Src/Pedestrian_Buzzer.c **** }
  93              		.loc 1 17 1
  94 001e 00BF     		nop
  95 0020 1437     		adds	r7, r7, #20
  96              		.cfi_def_cfa_offset 4
  97 0022 BD46     		mov	sp, r7
  98              		.cfi_def_cfa_register 13
  99              		@ sp needed
 100 0024 80BC     		pop	{r7}
ARM GAS  C:\Users\kd\AppData\Local\Temp\cchc0Gpc.s 			page 3


 101              		.cfi_restore 7
 102              		.cfi_def_cfa_offset 0
 103 0026 7047     		bx	lr
 104              	.L6:
 105              		.align	2
 106              	.L5:
 107 0028 00000000 		.word	htim3
 108              		.cfi_endproc
 109              	.LFE66:
 111              		.text
 112              	.Letext0:
 113              		.file 2 "c:\\st\\stm32cubeide_1.7.0\\stm32cubeide\\plugins\\com.st.stm32cube.ide.mcu.externaltools
 114              		.file 3 "c:\\st\\stm32cubeide_1.7.0\\stm32cubeide\\plugins\\com.st.stm32cube.ide.mcu.externaltools
 115              		.file 4 "Drivers/CMSIS/Include/core_cm3.h"
 116              		.file 5 "Drivers/CMSIS/Device/ST/STM32F1xx/Include/system_stm32f1xx.h"
 117              		.file 6 "Drivers/CMSIS/Device/ST/STM32F1xx/Include/stm32f103xb.h"
 118              		.file 7 "Drivers/STM32F1xx_HAL_Driver/Inc/stm32f1xx_hal_def.h"
 119              		.file 8 "Drivers/STM32F1xx_HAL_Driver/Inc/stm32f1xx_hal_dma.h"
 120              		.file 9 "Drivers/STM32F1xx_HAL_Driver/Inc/stm32f1xx_hal_tim.h"
 121              		.file 10 "Drivers/STM32F1xx_HAL_Driver/Inc/stm32f1xx_hal_uart.h"
 122              		.file 11 "Drivers/STM32F1xx_HAL_Driver/Inc/stm32f1xx_hal.h"
 123              		.file 12 "Core/Inc/main.h"
 124              		.file 13 "Core/Inc/software_timer.h"
 125              		.file 14 "Core/Inc/global.h"
ARM GAS  C:\Users\kd\AppData\Local\Temp\cchc0Gpc.s 			page 4


DEFINED SYMBOLS
                            *ABS*:0000000000000000 Pedestrian_Buzzer.c
C:\Users\kd\AppData\Local\Temp\cchc0Gpc.s:16     .text.resetBuzzer:0000000000000000 $t
C:\Users\kd\AppData\Local\Temp\cchc0Gpc.s:24     .text.resetBuzzer:0000000000000000 resetBuzzer
C:\Users\kd\AppData\Local\Temp\cchc0Gpc.s:54     .text.resetBuzzer:0000000000000014 $d
C:\Users\kd\AppData\Local\Temp\cchc0Gpc.s:59     .text.setBuzzer:0000000000000000 $t
C:\Users\kd\AppData\Local\Temp\cchc0Gpc.s:66     .text.setBuzzer:0000000000000000 setBuzzer
C:\Users\kd\AppData\Local\Temp\cchc0Gpc.s:107    .text.setBuzzer:0000000000000028 $d
                           .group:0000000000000000 wm4.0.e890922d021f7fff2fbf219cb2b38f03
                           .group:0000000000000000 wm4.stm32f1xx_hal_conf.h.21.98635006afa9a018cfa5e0632ed4968b
                           .group:0000000000000000 wm4.stm32f1xx.h.39.208bb8a61c892b7c37d899c49a031330
                           .group:0000000000000000 wm4.stm32f103xb.h.38.ec967d5ad9d3269cb0788eebda048e38
                           .group:0000000000000000 wm4._newlib_version.h.4.1ef4e12f167f8b69d7c30054be56050d
                           .group:0000000000000000 wm4.features.h.33.318b64d71e0957639cfb30f1db1f7ec8
                           .group:0000000000000000 wm4._default_types.h.15.247e5cd201eca3442cbf5404108c4935
                           .group:0000000000000000 wm4._intsup.h.10.48bafbb683905c4daa4565a85aeeb264
                           .group:0000000000000000 wm4._stdint.h.10.c24fa3af3bc1706662bb5593a907e841
                           .group:0000000000000000 wm4.stdint.h.23.d53047a68f4a85177f80b422d52785ed
                           .group:0000000000000000 wm4.cmsis_version.h.32.4d5822004c01a829a975260e854b5f8e
                           .group:0000000000000000 wm4.core_cm3.h.66.fc46cac19810db8f98d67da7ef88f42c
                           .group:0000000000000000 wm4.cmsis_gcc.h.26.225e4f5469716fdeef823d1102f5b23e
                           .group:0000000000000000 wm4.core_cm3.h.127.f4474120f1a7524deb56f9d74ff175da
                           .group:0000000000000000 wm4.stm32f103xb.h.573.10249aa7473ca93be896fed94046a725
                           .group:0000000000000000 wm4.stm32f1xx.h.162.96b09079a093c34dbd7f0b85cbd0ddee
                           .group:0000000000000000 wm4.stm32_hal_legacy.h.23.91ba5b544a4c2be2620a1e7ff0049e10
                           .group:0000000000000000 wm4.stddef.h.39.144cf5ddcd53cbfdac30259dc1a6c87f
                           .group:0000000000000000 wm4.stm32f1xx_hal_def.h.57.18d01ce1aa74e9fb44dbf16f821a574a
                           .group:0000000000000000 wm4.stm32f1xx_hal_rcc.h.95.21591bbc513aaa813c0b8640c3b32517
                           .group:0000000000000000 wm4.stm32f1xx_hal_rcc_ex.h.22.8763f99bc1e3e2dcf0febe9161d81b37
                           .group:0000000000000000 wm4.stm32f1xx_hal_rcc.h.1202.f8e5f9e0cf4eef7840facf5396029056
                           .group:0000000000000000 wm4.stm32f1xx_hal_gpio.h.22.fa638d688dcc57ca806fe6a7831b0d04
                           .group:0000000000000000 wm4.stm32f1xx_hal_gpio_ex.h.22.51a50ef3512cd78017ce666a32d364bf
                           .group:0000000000000000 wm4.stm32f1xx_hal_gpio.h.263.f5ebf2f545ade59412ab9261c8e35dc4
                           .group:0000000000000000 wm4.stm32f1xx_hal_exti.h.22.e26491d042c8079c3ca67eca341af862
                           .group:0000000000000000 wm4.stm32f1xx_hal_dma.h.22.3c14338534886827bf3aeaa2a7f412a1
                           .group:0000000000000000 wm4.stm32f1xx_hal_dma_ex.h.22.001ac4d7f81ccbdcae49bd65c13858c8
                           .group:0000000000000000 wm4.stm32f1xx_hal_dma.h.409.cafcd2cfe701091535636be537c18293
                           .group:0000000000000000 wm4.stm32f1xx_hal_cortex.h.22.b5f4174bb6a50d95405567b8f50e0900
                           .group:0000000000000000 wm4.stm32f1xx_hal_flash.h.22.5cea9a7210e6315b41724b47b5fdf203
                           .group:0000000000000000 wm4.stm32f1xx_hal_flash_ex.h.22.d4e19c21f2a86fa2f8ec2c2d5f1ab2af
                           .group:0000000000000000 wm4.stm32f1xx_hal_pwr.h.22.3438c476faafc3240bf146f143df3fcd
                           .group:0000000000000000 wm4.stm32f1xx_hal_tim.h.22.a16e206564e97dbace9faae59a0d6008
                           .group:0000000000000000 wm4.stm32f1xx_hal_uart.h.22.5f7992e497faa36aa98f09f7214f4dbb
                           .group:0000000000000000 wm4.stm32f1xx_hal.h.88.91065c0692bed6019c34f1e9c00589fd
                           .group:0000000000000000 wm4.main.h.63.9180ad223388665f039ada817b185350
                           .group:0000000000000000 wm4.global.h.14.30b62f1ac9d7308bb8bf1b062c6776ce

UNDEFINED SYMBOLS
htim3
